Build started 3/1/2016 12:36:11 PM.
     1>Project "D:\Desktop\New folder (2)\Kinect2Sample-master\Sample\Body\Body.vcxproj" on node 2 (Build target(s)).
     1>ClCompile:
         C:\Program Files (x86)\Microsoft Visual Studio 12.0\VC\bin\x86_amd64\CL.exe /c /I"C:\Program Files\Microsoft SDKs\Kinect\v2.0_1409\\inc" /ID:\opencv\\build\include /I"C:\Program Files\Microsoft SDKs\Speech\v11.0\Include" /Zi /nologo /W3 /WX- /sdl /O2 /Oi /GL /D WIN32 /D NDEBUG /D _CONSOLE /D _LIB /D _UNICODE /D UNICODE /Gm- /EHsc /MD /GS /Gy /fp:precise /Zc:wchar_t /Zc:forScope /Yc"stdafx.h" /Fp"x64\Release\Body.pch" /Fo"x64\Release\\" /Fd"x64\Release\vc120.pdb" /Gd /TP /errorReport:prompt stdafx.cpp
         stdafx.cpp
         C:\Program Files (x86)\Microsoft Visual Studio 12.0\VC\bin\x86_amd64\CL.exe /c /I"C:\Program Files\Microsoft SDKs\Kinect\v2.0_1409\\inc" /ID:\opencv\\build\include /I"C:\Program Files\Microsoft SDKs\Speech\v11.0\Include" /Zi /nologo /W3 /WX- /sdl /O2 /Oi /GL /D WIN32 /D NDEBUG /D _CONSOLE /D _LIB /D _UNICODE /D UNICODE /Gm- /EHsc /MD /GS /Gy /fp:precise /Zc:wchar_t /Zc:forScope /Yu"stdafx.h" /Fp"x64\Release\Body.pch" /Fo"x64\Release\\" /Fd"x64\Release\vc120.pdb" /Gd /TP /errorReport:prompt Body.cpp
         Body.cpp
     1>Body.cpp(164): warning C4244: '=' : conversion from 'double' to 'float', possible loss of data
     1>Body.cpp(165): warning C4244: '=' : conversion from 'double' to 'float', possible loss of data
     1>Body.cpp(166): warning C4244: '=' : conversion from 'double' to 'float', possible loss of data
     1>Body.cpp(171): warning C4244: 'argument' : conversion from 'double' to 'int', possible loss of data
     1>Body.cpp(173): warning C4244: 'argument' : conversion from 'double' to 'int', possible loss of data
     1>Body.cpp(190): warning C4244: 'argument' : conversion from 'double' to 'int', possible loss of data
     1>Body.cpp(191): warning C4244: 'argument' : conversion from 'double' to 'int', possible loss of data
     1>Body.cpp(192): warning C4244: 'argument' : conversion from 'double' to 'int', possible loss of data
     1>Body.cpp(196): warning C4244: 'argument' : conversion from 'double' to 'int', possible loss of data
     1>Body.cpp(198): warning C4244: 'argument' : conversion from 'double' to 'int', possible loss of data
     1>Body.cpp(212): warning C4244: 'argument' : conversion from 'double' to 'int', possible loss of data
     1>Body.cpp(213): warning C4244: 'argument' : conversion from 'double' to 'int', possible loss of data
     1>Body.cpp(214): warning C4244: 'argument' : conversion from 'double' to 'int', possible loss of data
       Link:
         C:\Program Files (x86)\Microsoft Visual Studio 12.0\VC\bin\x86_amd64\link.exe /ERRORREPORT:PROMPT /OUT:"D:\Desktop\New folder (2)\Kinect2Sample-master\Sample\x64\Release\Body.exe" /INCREMENTAL:NO /NOLOGO /LIBPATH:"C:\Program Files\Microsoft SDKs\Kinect\v2.0_1409\\lib\x64" /LIBPATH:D:\opencv\\build\x64\vc12\lib /LIBPATH:"C:\Program Files\Microsoft SDKs\Speech\v11.0\Lib" Kinect20.lib Kinect20.Face.lib Kinect20.Fusion.lib Kinect20.VisualGestureBuilder.lib opencv_core2410.lib opencv_highgui2410.lib opencv_imgproc2410.lib kernel32.lib user32.lib gdi32.lib winspool.lib comdlg32.lib advapi32.lib shell32.lib ole32.lib oleaut32.lib uuid.lib odbc32.lib odbccp32.lib /MANIFEST /MANIFESTUAC:"level='asInvoker' uiAccess='false'" /manifest:embed /DEBUG /PDB:"D:\Desktop\New folder (2)\Kinect2Sample-master\Sample\x64\Release\Body.pdb" /SUBSYSTEM:CONSOLE /OPT:REF /OPT:ICF /LTCG /TLBID:1 /DYNAMICBASE /NXCOMPAT /IMPLIB:"D:\Desktop\New folder (2)\Kinect2Sample-master\Sample\x64\Release\Body.lib" /MACHINE:X64 x64\Release\Body.obj
         x64\Release\stdafx.obj
         Generating code
         Finished generating code
         Body.vcxproj -> D:\Desktop\New folder (2)\Kinect2Sample-master\Sample\x64\Release\Body.exe
     1>Done Building Project "D:\Desktop\New folder (2)\Kinect2Sample-master\Sample\Body\Body.vcxproj" (Build target(s)).

Build succeeded.

Time Elapsed 00:00:03.33
